<?xml version="1.0" encoding="UTF-8"?>
<testng-results ignored="0" total="1" passed="1" failed="0" skipped="0">
  <reporter-output>
  </reporter-output>
  <suite started-at="2021-04-02T17:47:56 IST" name="Banking App" finished-at="2021-04-02T17:48:05 IST" duration-ms="8685">
    <groups>
      <group name="cucumber">
        <method signature="AbstractTestNGCucumberTests.feature(cucumber.api.testng.CucumberFeatureWrapper)[pri:0, instance:runner.TestRunner@22555ebf]" name="feature" class="cucumber.api.testng.AbstractTestNGCucumberTests"/>
      </group> <!-- cucumber -->
    </groups>
    <test started-at="2021-04-02T17:47:56 IST" name="Validate E2E Banking App" finished-at="2021-04-02T17:48:05 IST" duration-ms="8685">
      <class name="runner.TestRunner">
        <test-method is-config="true" signature="setUpClass()[pri:0, instance:runner.TestRunner@22555ebf]" started-at="2021-04-02T17:47:56 IST" name="setUpClass" finished-at="2021-04-02T17:47:56 IST" duration-ms="218" status="PASS">
          <reporter-output>
          </reporter-output>
        </test-method> <!-- setUpClass -->
        <test-method signature="feature(cucumber.api.testng.CucumberFeatureWrapper)[pri:0, instance:runner.TestRunner@22555ebf]" started-at="2021-04-02T17:47:56 IST" name="feature" description="Runs Cucumber Feature" data-provider="features" finished-at="2021-04-02T17:48:05 IST" duration-ms="8358" status="PASS">
          <params>
            <param index="0">
              <value>
                <![CDATA[bankMangerlogin]]>
              </value>
            </param>
          </params>
          <reporter-output>
          </reporter-output>
        </test-method> <!-- feature -->
        <test-method is-config="true" signature="tearDownClass()[pri:0, instance:runner.TestRunner@22555ebf]" started-at="2021-04-02T17:48:05 IST" name="tearDownClass" finished-at="2021-04-02T17:48:05 IST" duration-ms="1" status="PASS">
          <reporter-output>
          </reporter-output>
        </test-method> <!-- tearDownClass -->
      </class> <!-- runner.TestRunner -->
    </test> <!-- Validate E2E Banking App -->
  </suite> <!-- Banking App -->
</testng-results>
